<?xml version="1.0" encoding="UTF-8"?>
<!-- Generated by org.testng.reporters.JUnitXMLReporter -->
<testsuite ignored="0" hostname="Santhosh" failures="0" tests="2" name="Default test" time="44.207" errors="0" timestamp="12 Jun 2022 12:47:04 GMT">
  <testcase classname="com.crm.qa.testcases.AmazonPageTest" name="verifyAmazonPageTitleTest" time="0.024"/>
  <testcase classname="com.crm.qa.testcases.AmazonPageTest" name="performActionsOnAmazonPage" time="26.923"/>
</testsuite> <!-- Default test -->
