<?xml version="1.0" encoding="UTF-8"?>
<!-- Generated by org.testng.reporters.JUnitXMLReporter -->
<testsuite ignored="1" hostname="Varam-98765" failures="0" tests="1" name="Default test" time="5.949" errors="0" timestamp="23 Mar 2024 08:11:33 GMT">
  <testcase classname="com.crm.qa.testcases.SignUpPageTest" name="signUpPageTitleTest" time="0.031"/>
  <testcase classname="com.crm.qa.testcases.SignUpPageTest" name="performActionsOnSigupPage" time="0.0">
    <ignored/>
  </testcase> <!-- performActionsOnSigupPage -->
</testsuite> <!-- Default test -->
