<?xml version="1.0" encoding="UTF-8"?>
<testng-results ignored="1" total="2" passed="1" failed="0" skipped="0">
  <reporter-output>
  </reporter-output>
  <suite started-at="2024-03-23T08:11:27Z" name="Default suite" finished-at="2024-03-23T08:11:33Z" duration-ms="5949">
    <groups>
    </groups>
    <test started-at="2024-03-23T08:11:27Z" name="Default test" finished-at="2024-03-23T08:11:33Z" duration-ms="5949">
      <class name="com.crm.qa.testcases.SignUpPageTest">
        <test-method is-config="true" signature="setUp()[pri:0, instance:com.crm.qa.testcases.SignUpPageTest@79defdc]" started-at="2024-03-23T13:41:27Z" name="setUp" finished-at="2024-03-23T13:41:31Z" duration-ms="4065" status="PASS">
          <reporter-output>
          </reporter-output>
        </test-method> <!-- setUp -->
        <test-method signature="signUpPageTitleTest()[pri:1, instance:com.crm.qa.testcases.SignUpPageTest@79defdc]" started-at="2024-03-23T13:41:31Z" name="signUpPageTitleTest" finished-at="2024-03-23T13:41:31Z" duration-ms="31" status="PASS">
          <reporter-output>
          </reporter-output>
        </test-method> <!-- signUpPageTitleTest -->
        <test-method is-config="true" signature="addresultsToTestRail(org.testng.ITestResult)[pri:0, instance:com.crm.qa.testcases.SignUpPageTest@79defdc]" started-at="2024-03-23T13:41:31Z" name="addresultsToTestRail" finished-at="2024-03-23T13:41:33Z" duration-ms="1591" status="PASS">
          <params>
            <param index="0">
              <value>
                <![CDATA[[TestResult name=signUpPageTitleTest status=SUCCESS method=SignUpPageTest.signUpPageTitleTest()[pri:1, instance:com.crm.qa.testcases.SignUpPageTest@79defdc] output={null}]]]>
              </value>
            </param>
          </params>
          <reporter-output>
          </reporter-output>
        </test-method> <!-- addresultsToTestRail -->
        <test-method is-config="true" signature="tearDown()[pri:0, instance:com.crm.qa.testcases.SignUpPageTest@79defdc]" started-at="2024-03-23T13:41:33Z" name="tearDown" finished-at="2024-03-23T13:41:33Z" duration-ms="240" status="PASS">
          <reporter-output>
          </reporter-output>
        </test-method> <!-- tearDown -->
      </class> <!-- com.crm.qa.testcases.SignUpPageTest -->
    </test> <!-- Default test -->
  </suite> <!-- Default suite -->
</testng-results>
